<?xml version="1.0" encoding="UTF-8"?>
<testng-results ignored="0" total="1" passed="1" failed="0" skipped="0">
  <reporter-output>
  </reporter-output>
  <suite started-at="2025-10-27T16:31:49 IST" name="Default suite" finished-at="2025-10-27T16:32:01 IST" duration-ms="11597">
    <groups>
    </groups>
    <test started-at="2025-10-27T16:31:49 IST" name="Default test" finished-at="2025-10-27T16:32:01 IST" duration-ms="11597">
      <class name="com.swaglabs.tests.Add_To_CartTest">
        <test-method is-config="true" signature="openBrowser()[pri:0, instance:com.swaglabs.tests.Add_To_CartTest@6221a451]" started-at="2025-10-27T16:31:49 IST" name="openBrowser" finished-at="2025-10-27T16:31:57 IST" duration-ms="7807" status="PASS">
          <reporter-output>
          </reporter-output>
        </test-method> <!-- openBrowser -->
        <test-method signature="addToCart()[pri:0, instance:com.swaglabs.tests.Add_To_CartTest@6221a451]" started-at="2025-10-27T16:31:57 IST" name="addToCart" finished-at="2025-10-27T16:31:58 IST" duration-ms="1105" status="PASS">
          <reporter-output>
          </reporter-output>
        </test-method> <!-- addToCart -->
        <test-method is-config="true" signature="closeBrowser()[pri:0, instance:com.swaglabs.tests.Add_To_CartTest@6221a451]" started-at="2025-10-27T16:31:58 IST" name="closeBrowser" finished-at="2025-10-27T16:32:01 IST" duration-ms="2572" status="PASS">
          <reporter-output>
          </reporter-output>
        </test-method> <!-- closeBrowser -->
      </class> <!-- com.swaglabs.tests.Add_To_CartTest -->
    </test> <!-- Default test -->
  </suite> <!-- Default suite -->
</testng-results>
